SF:/home/rogerio/Projetos/rust/hyper-body-utils/<WORKSPACE>/src/lib.rs
FN:138,_RNvNtNtCs6X9WMmjC35R_16hyper_body_utils5tests7generics_14test_file_smol
FNDA:1,_RNvNtNtCs6X9WMmjC35R_16hyper_body_utils5tests7generics_14test_file_smol
FNF:1
FNH:1
DA:138,1
DA:139,1
BRF:0
BRH:0
LF:2
LH:2
end_of_record
SF:/home/rogerio/Projetos/rust/hyper-body-utils/src/lib.rs
FN:171,_RINvMCs6X9WMmjC35R_16hyper_body_utilsNtB3_8HttpBody11from_streamINtNtNtCs19EsXNg03ac_12futures_util6stream10try_stream5MapOkINtNtCsa2hpX9kinZs_12futures_lite2io5BytesNtCs5XMQNMOtT09_8async_fs4FileENCNCNvNtNtB3_5tests7generics_14test_file_smol00EEB3_
FN:171,_RINvMCs6X9WMmjC35R_16hyper_body_utilsNtB3_8HttpBody11from_streamINtNtNtCs19EsXNg03ac_12futures_util6stream10try_stream5MapOkINtNtNtCsj5fwS3rh7rl_10tokio_util2io13reader_stream12ReaderStreamNtNtNtCs2d1BvDtV49f_5tokio2fs4file4FileENvMNtCsbHUALdKVfZm_9http_body5frameINtB3I_5FrameNtNtCsepU6okZcReK_5bytes5bytes5BytesE4dataEEB3_
FN:154,_RNvMCs6X9WMmjC35R_16hyper_body_utilsNtB2_8HttpBody10from_bytes
FN:217,_RNvMCs6X9WMmjC35R_16hyper_body_utilsNtB2_8HttpBody5empty
FN:140,_RNvMCs6X9WMmjC35R_16hyper_body_utilsNtB2_8HttpBody9from_text
FN:202,_RNvMCs6X9WMmjC35R_16hyper_body_utilsNtB2_8HttpBody9is_stream
FN:320,_RNvXs0_Cs6X9WMmjC35R_16hyper_body_utilsNtB5_8HttpBodyNtNtCsDrMXPI0C3i_12futures_core6stream6Stream9poll_next
FN:326,_RNvXs1_Cs6X9WMmjC35R_16hyper_body_utilsNtB5_8HttpBodyINtNtCsgEmfK2I1SDS_4core7convert4FromReE4from
FN:332,_RNvXs2_Cs6X9WMmjC35R_16hyper_body_utilsNtB5_8HttpBodyINtNtCsgEmfK2I1SDS_4core7convert4FromNtNtCslNYArtu3iFV_5alloc6string6StringE4from
FN:338,_RNvXs3_Cs6X9WMmjC35R_16hyper_body_utilsNtB5_8HttpBodyINtNtCsgEmfK2I1SDS_4core7convert4FromRShE4from
FN:344,_RNvXs4_Cs6X9WMmjC35R_16hyper_body_utilsNtB5_8HttpBodyINtNtCsgEmfK2I1SDS_4core7convert4FromINtNtCslNYArtu3iFV_5alloc3vec3VechEE4from
FN:350,_RNvXs5_Cs6X9WMmjC35R_16hyper_body_utilsNtB5_8HttpBodyINtNtCsgEmfK2I1SDS_4core7convert4FromNtNtCsepU6okZcReK_5bytes5bytes5BytesE4from
FN:227,_RNvXs_Cs6X9WMmjC35R_16hyper_body_utilsNtB4_8HttpBodyNtCsbHUALdKVfZm_9http_body4Body10poll_frame
FN:74,_RNvMCs6X9WMmjC35R_16hyper_body_utilsNtB2_8HttpBody13from_incoming
FNDA:1,_RINvMCs6X9WMmjC35R_16hyper_body_utilsNtB3_8HttpBody11from_streamINtNtNtCs19EsXNg03ac_12futures_util6stream10try_stream5MapOkINtNtCsa2hpX9kinZs_12futures_lite2io5BytesNtCs5XMQNMOtT09_8async_fs4FileENCNCNvNtNtB3_5tests7generics_14test_file_smol00EEB3_
FNDA:1,_RINvMCs6X9WMmjC35R_16hyper_body_utilsNtB3_8HttpBody11from_streamINtNtNtCs19EsXNg03ac_12futures_util6stream10try_stream5MapOkINtNtNtCsj5fwS3rh7rl_10tokio_util2io13reader_stream12ReaderStreamNtNtNtCs2d1BvDtV49f_5tokio2fs4file4FileENvMNtCsbHUALdKVfZm_9http_body5frameINtB3I_5FrameNtNtCsepU6okZcReK_5bytes5bytes5BytesE4dataEEB3_
FNDA:8,_RNvMCs6X9WMmjC35R_16hyper_body_utilsNtB2_8HttpBody10from_bytes
FNDA:2,_RNvMCs6X9WMmjC35R_16hyper_body_utilsNtB2_8HttpBody5empty
FNDA:2,_RNvMCs6X9WMmjC35R_16hyper_body_utilsNtB2_8HttpBody9from_text
FNDA:1,_RNvMCs6X9WMmjC35R_16hyper_body_utilsNtB2_8HttpBody9is_stream
FNDA:109,_RNvXs0_Cs6X9WMmjC35R_16hyper_body_utilsNtB5_8HttpBodyNtNtCsDrMXPI0C3i_12futures_core6stream6Stream9poll_next
FNDA:1,_RNvXs1_Cs6X9WMmjC35R_16hyper_body_utilsNtB5_8HttpBodyINtNtCsgEmfK2I1SDS_4core7convert4FromReE4from
FNDA:1,_RNvXs2_Cs6X9WMmjC35R_16hyper_body_utilsNtB5_8HttpBodyINtNtCsgEmfK2I1SDS_4core7convert4FromNtNtCslNYArtu3iFV_5alloc6string6StringE4from
FNDA:1,_RNvXs3_Cs6X9WMmjC35R_16hyper_body_utilsNtB5_8HttpBodyINtNtCsgEmfK2I1SDS_4core7convert4FromRShE4from
FNDA:1,_RNvXs4_Cs6X9WMmjC35R_16hyper_body_utilsNtB5_8HttpBodyINtNtCsgEmfK2I1SDS_4core7convert4FromINtNtCslNYArtu3iFV_5alloc3vec3VechEE4from
FNDA:1,_RNvXs5_Cs6X9WMmjC35R_16hyper_body_utilsNtB5_8HttpBodyINtNtCsgEmfK2I1SDS_4core7convert4FromNtNtCsepU6okZcReK_5bytes5bytes5BytesE4from
FNDA:109,_RNvXs_Cs6X9WMmjC35R_16hyper_body_utilsNtB4_8HttpBodyNtCsbHUALdKVfZm_9http_body4Body10poll_frame
FNDA:0,_RNvMCs6X9WMmjC35R_16hyper_body_utilsNtB2_8HttpBody13from_incoming
FNF:13
FNH:12
DA:74,0
DA:75,0
DA:76,0
DA:140,2
DA:141,2
DA:142,2
DA:154,8
DA:155,8
DA:156,8
DA:157,8
DA:171,2
DA:172,2
DA:173,2
DA:175,2
DA:176,2
DA:177,2
DA:202,1
DA:205,1
DA:211,1
DA:217,2
DA:218,2
DA:219,2
DA:227,109
DA:228,109
DA:229,109
DA:230,109
DA:231,109
DA:232,0
DA:233,0
DA:234,0
DA:235,0
DA:237,0
DA:238,0
DA:239,0
DA:240,0
DA:248,109
DA:249,109
DA:314,109
DA:320,109
DA:321,109
DA:322,109
DA:326,1
DA:327,1
DA:328,1
DA:332,1
DA:333,1
DA:334,1
DA:338,1
DA:339,1
DA:340,1
DA:344,1
DA:345,1
DA:346,1
DA:350,1
DA:351,1
DA:352,1
BRF:0
BRH:0
LF:56
LH:45
end_of_record